<?xml version="1.0" encoding="UTF-8"?>
<testng-results ignored="0" total="1" passed="1" failed="0" skipped="0">
  <reporter-output>
  </reporter-output>
  <suite started-at="2023-10-28T20:49:42 IST" name="Default suite" finished-at="2023-10-28T20:51:04 IST" duration-ms="82112">
    <groups>
    </groups>
    <test started-at="2023-10-28T20:49:42 IST" name="Default test" finished-at="2023-10-28T20:51:04 IST" duration-ms="82112">
      <class name="testCases.TC4_AddProduct_ToWishList">
        <test-method is-config="true" signature="SetUp()[pri:0, instance:testCases.TC4_AddProduct_ToWishList@60099951]" started-at="2023-10-28T20:49:42 IST" name="SetUp" finished-at="2023-10-28T20:49:51 IST" duration-ms="9167" status="PASS">
          <reporter-output>
          </reporter-output>
        </test-method> <!-- SetUp -->
        <test-method signature="AddProduct_Wishlist()[pri:0, instance:testCases.TC4_AddProduct_ToWishList@60099951]" started-at="2023-10-28T20:49:51 IST" name="AddProduct_Wishlist" finished-at="2023-10-28T20:51:04 IST" duration-ms="72873" status="PASS">
          <reporter-output>
          </reporter-output>
        </test-method> <!-- AddProduct_Wishlist -->
      </class> <!-- testCases.TC4_AddProduct_ToWishList -->
    </test> <!-- Default test -->
  </suite> <!-- Default suite -->
</testng-results>
